[    0.000000] Linux version 4.15.0-91-generic (buildd@lgw01-amd64-013) (gcc version 7.4.0 (Ubuntu 7.4.0-1ubuntu1~18.04.1)) #92-Ubuntu SMP Fri Feb 28 11:09:48 UTC 2020 (Ubuntu 4.15.0-91.92-generic 4.15.18)
[    0.000000] Command line: BOOT_IMAGE=/boot/vmlinuz-4.15.0-91-generic root=LABEL=cloudimg-rootfs ro console=tty1 console=ttyS0
[    0.000000] KERNEL supported cpus:
[    0.000000]   Intel GenuineIntel
[    0.000000]   AMD AuthenticAMD
[    0.000000]   Centaur CentaurHauls
[    0.000000] x86/fpu: Supporting XSAVE feature 0x001: 'x87 floating point registers'
[    0.000000] x86/fpu: Supporting XSAVE feature 0x002: 'SSE registers'
[    0.000000] x86/fpu: Supporting XSAVE feature 0x004: 'AVX registers'
[    0.000000] x86/fpu: xstate_offset[2]:  576, xstate_sizes[2]:  256
[    0.000000] x86/fpu: Enabled xstate features 0x7, context size is 832 bytes, using 'standard' format.
[    0.000000] e820: BIOS-provided physical RAM map:
[    0.000000] BIOS-e820: [mem 0x0000000000000000-0x000000000009fbff] usable
[    0.000000] BIOS-e820: [mem 0x000000000009fc00-0x000000000009ffff] reserved
[    0.000000] BIOS-e820: [mem 0x00000000000f0000-0x00000000000fffff] reserved
[    0.000000] BIOS-e820: [mem 0x0000000000100000-0x000000007ffeffff] usable
[    0.000000] BIOS-e820: [mem 0x000000007fff0000-0x000000007fffffff] ACPI data
[    0.000000] BIOS-e820: [mem 0x00000000fec00000-0x00000000fec00fff] reserved
[    0.000000] BIOS-e820: [mem 0x00000000fee00000-0x00000000fee00fff] reserved
[    0.000000] BIOS-e820: [mem 0x00000000fffc0000-0x00000000ffffffff] reserved
[    0.000000] NX (Execute Disable) protection: active
[    0.000000] SMBIOS 2.5 present.
[    0.000000] DMI: innotek GmbH VirtualBox/VirtualBox, BIOS VirtualBox 12/01/2006
[    0.000000] Hypervisor detected: KVM
[    0.000000] e820: last_pfn = 0x7fff0 max_arch_pfn = 0x400000000
[    0.000000] MTRR: Disabled
[    0.000000] x86/PAT: MTRRs disabled, skipping PAT initialization too.
[    0.000000] CPU MTRRs all blank - virtualized system.
[    0.000000] x86/PAT: Configuration [0-7]: WB  WT  UC- UC  WB  WT  UC- UC  
[    0.000000] found SMP MP-table at [mem 0x0009fff0-0x0009ffff]
[    0.000000] Scanning 1 areas for low memory corruption
[    0.000000] RAMDISK: [mem 0x35a6b000-0x36d2cfff]
[    0.000000] ACPI: Early table checksum verification disabled
[    0.000000] ACPI: RSDP 0x00000000000E0000 000024 (v02 VBOX  )
[    0.000000] ACPI: XSDT 0x000000007FFF0030 00003C (v01 VBOX   VBOXXSDT 00000001 ASL  00000061)
[    0.000000] ACPI: FACP 0x000000007FFF00F0 0000F4 (v04 VBOX   VBOXFACP 00000001 ASL  00000061)
[    0.000000] ACPI: DSDT 0x000000007FFF0470 002325 (v02 VBOX   VBOXBIOS 00000002 INTL 20100528)
[    0.000000] ACPI: FACS 0x000000007FFF0200 000040
[    0.000000] ACPI: FACS 0x000000007FFF0200 000040
[    0.000000] ACPI: APIC 0x000000007FFF0240 00005C (v02 VBOX   VBOXAPIC 00000001 ASL  00000061)
[    0.000000] ACPI: SSDT 0x000000007FFF02A0 0001CC (v01 VBOX   VBOXCPUT 00000002 INTL 20100528)
[    0.000000] No NUMA configuration found
[    0.000000] Faking a node at [mem 0x0000000000000000-0x000000007ffeffff]
[    0.000000] NODE_DATA(0) allocated [mem 0x7ffc5000-0x7ffeffff]
[    0.000000] kvm-clock: cpu 0, msr 0:7ff44001, primary cpu clock
[    0.000000] kvm-clock: Using msrs 4b564d01 and 4b564d00
[    0.000000] kvm-clock: using sched offset of 3712139787 cycles
[    0.000000] clocksource: kvm-clock: mask: 0xffffffffffffffff max_cycles: 0x1cd42e4dffb, max_idle_ns: 881590591483 ns
[    0.000000] Zone ranges:
[    0.000000]   DMA      [mem 0x0000000000001000-0x0000000000ffffff]
[    0.000000]   DMA32    [mem 0x0000000001000000-0x000000007ffeffff]
[    0.000000]   Normal   empty
[    0.000000]   Device   empty
[    0.000000] Movable zone start for each node
[    0.000000] Early memory node ranges
[    0.000000]   node   0: [mem 0x0000000000001000-0x000000000009efff]
[    0.000000]   node   0: [mem 0x0000000000100000-0x000000007ffeffff]
[    0.000000] Reserved but unavailable: 98 pages
[    0.000000] Initmem setup node 0 [mem 0x0000000000001000-0x000000007ffeffff]
[    0.000000] ACPI: PM-Timer IO Port: 0x4008
[    0.000000] IOAPIC[0]: apic_id 2, version 32, address 0xfec00000, GSI 0-23
[    0.000000] ACPI: INT_SRC_OVR (bus 0 bus_irq 0 global_irq 2 dfl dfl)
[    0.000000] ACPI: INT_SRC_OVR (bus 0 bus_irq 9 global_irq 9 low level)
[    0.000000] Using ACPI (MADT) for SMP configuration information
[    0.000000] smpboot: Allowing 2 CPUs, 0 hotplug CPUs
[    0.000000] PM: Registered nosave memory: [mem 0x00000000-0x00000fff]
[    0.000000] PM: Registered nosave memory: [mem 0x0009f000-0x0009ffff]
[    0.000000] PM: Registered nosave memory: [mem 0x000a0000-0x000effff]
[    0.000000] PM: Registered nosave memory: [mem 0x000f0000-0x000fffff]
[    0.000000] e820: [mem 0x80000000-0xfebfffff] available for PCI devices
[    0.000000] Booting paravirtualized kernel on KVM
[    0.000000] clocksource: refined-jiffies: mask: 0xffffffff max_cycles: 0xffffffff, max_idle_ns: 7645519600211568 ns
[    0.000000] random: get_random_bytes called from start_kernel+0x99/0x4fd with crng_init=0
[    0.000000] setup_percpu: NR_CPUS:8192 nr_cpumask_bits:2 nr_cpu_ids:2 nr_node_ids:1
[    0.000000] percpu: Embedded 45 pages/cpu s147456 r8192 d28672 u1048576
[    0.000000] PV qspinlock hash table entries: 256 (order: 0, 4096 bytes)
[    0.000000] Built 1 zonelists, mobility grouping on.  Total pages: 515961
[    0.000000] Policy zone: DMA32
[    0.000000] Kernel command line: BOOT_IMAGE=/boot/vmlinuz-4.15.0-91-generic root=LABEL=cloudimg-rootfs ro console=tty1 console=ttyS0
[    0.000000] Memory: 2015252K/2096696K available (12300K kernel code, 2481K rwdata, 4264K rodata, 2432K init, 2712K bss, 81444K reserved, 0K cma-reserved)
[    0.000000] SLUB: HWalign=64, Order=0-3, MinObjects=0, CPUs=2, Nodes=1
[    0.000000] Kernel/User page tables isolation: enabled
[    0.000000] ftrace: allocating 39347 entries in 154 pages
[    0.004000] Hierarchical RCU implementation.
[    0.004000] 	RCU restricting CPUs from NR_CPUS=8192 to nr_cpu_ids=2.
[    0.004000] 	Tasks RCU enabled.
[    0.004000] RCU: Adjusting geometry for rcu_fanout_leaf=16, nr_cpu_ids=2
[    0.004000] NR_IRQS: 524544, nr_irqs: 440, preallocated irqs: 16
[    0.004000] Console: colour VGA+ 80x25
[    0.004000] console [tty1] enabled
[    0.004000] console [ttyS0] enabled
[    0.004000] ACPI: Core revision 20170831
[    0.004000] ACPI: 2 ACPI AML tables successfully acquired and loaded
[    0.004000] APIC: Switch to symmetric I/O mode setup
[    0.004000] x2apic enabled
[    0.004000] Switched APIC routing to physical x2apic.
[    0.004000] ..TIMER: vector=0x30 apic1=0 pin1=2 apic2=-1 pin2=-1
[    0.004004] tsc: Detected 1992.000 MHz processor
[    0.004915] Calibrating delay loop (skipped) preset value.. 3984.00 BogoMIPS (lpj=7968000)
[    0.008005] pid_max: default: 32768 minimum: 301
[    0.009838] Security Framework initialized
[    0.012005] Yama: becoming mindful.
[    0.012688] AppArmor: AppArmor initialized
[    0.014662] Dentry cache hash table entries: 262144 (order: 9, 2097152 bytes)
[    0.016033] Inode-cache hash table entries: 131072 (order: 8, 1048576 bytes)
[    0.017237] Mount-cache hash table entries: 4096 (order: 3, 32768 bytes)
[    0.018406] Mountpoint-cache hash table entries: 4096 (order: 3, 32768 bytes)
[    0.019861] Last level iTLB entries: 4KB 64, 2MB 8, 4MB 8
[    0.020002] Last level dTLB entries: 4KB 64, 2MB 0, 4MB 0, 1GB 4
[    0.021043] Spectre V1 : Mitigation: usercopy/swapgs barriers and __user pointer sanitization
[    0.024002] Spectre V2 : Mitigation: Full generic retpoline
[    0.025206] Spectre V2 : Spectre v2 / SpectreRSB mitigation: Filling RSB on context switch
[    0.026953] Speculative Store Bypass: Vulnerable
[    0.028030] MDS: Mitigation: Clear CPU buffers
[    0.029036] Freeing SMP alternatives memory: 36K
[    0.140076] smpboot: CPU0: Intel(R) Core(TM) i7-8550U CPU @ 1.80GHz (family: 0x6, model: 0x8e, stepping: 0xa)
[    0.141998] Performance Events: unsupported p6 CPU model 142 no PMU driver, software events only.
[    0.144062] Hierarchical SRCU implementation.
[    0.145559] NMI watchdog: Perf event create on CPU 0 failed with -2
[    0.146809] NMI watchdog: Perf NMI watchdog permanently disabled
[    0.148035] smp: Bringing up secondary CPUs ...
[    0.149125] x86: Booting SMP configuration:
[    0.150005] .... node  #0, CPUs:      #1
[    0.004000] kvm-clock: cpu 1, msr 0:7ff44041, secondary cpu clock
[    0.155608] smp: Brought up 1 node, 2 CPUs
[    0.156004] smpboot: Max logical packages: 1
[    0.156864] smpboot: Total of 2 processors activated (7968.00 BogoMIPS)
[    0.158441] devtmpfs: initialized
[    0.160056] x86/mm: Memory block size: 128MB
[    0.161281] evm: security.selinux
[    0.162106] evm: security.SMACK64
[    0.162864] evm: security.SMACK64EXEC
[    0.163689] evm: security.SMACK64TRANSMUTE
[    0.164003] evm: security.SMACK64MMAP
[    0.164796] evm: security.apparmor
[    0.165519] evm: security.ima
[    0.166212] evm: security.capability
[    0.168095] clocksource: jiffies: mask: 0xffffffff max_cycles: 0xffffffff, max_idle_ns: 7645041785100000 ns
[    0.169993] futex hash table entries: 512 (order: 3, 32768 bytes)
[    0.171368] pinctrl core: initialized pinctrl subsystem
[    0.172089] RTC time: 11:34:46, date: 04/07/20
[    0.173122] NET: Registered protocol family 16
[    0.174207] audit: initializing netlink subsys (disabled)
[    0.176009] audit: type=2000 audit(1586259290.805:1): state=initialized audit_enabled=0 res=1
[    0.178007] cpuidle: using governor ladder
[    0.178007] cpuidle: using governor menu
[    0.178007] ACPI: bus type PCI registered
[    0.180003] acpiphp: ACPI Hot Plug PCI Controller Driver version: 0.5
[    0.181325] PCI: Using configuration type 1 for base access
[    0.184940] HugeTLB registered 2.00 MiB page size, pre-allocated 0 pages
[    0.185353] ACPI: Added _OSI(Module Device)
[    0.188002] ACPI: Added _OSI(Processor Device)
[    0.188966] ACPI: Added _OSI(3.0 _SCP Extensions)
[    0.189953] ACPI: Added _OSI(Processor Aggregator Device)
[    0.192053] ACPI: Added _OSI(Linux-Dell-Video)
[    0.193348] ACPI: Added _OSI(Linux-Lenovo-NV-HDMI-Audio)
[    0.194568] ACPI: Added _OSI(Linux-HPI-Hybrid-Graphics)
[    0.196398] ACPI: Executed 1 blocks of module-level executable AML code
[    0.200759] ACPI: Interpreter enabled
[    0.201583] ACPI: (supports S0 S5)
[    0.202298] ACPI: Using IOAPIC for interrupt routing
[    0.203575] PCI: Using host bridge windows from ACPI; if necessary, use "pci=nocrs" and report a bug
[    0.204172] ACPI: Enabled 2 GPEs in block 00 to 07
[    0.214880] ACPI: PCI Root Bridge [PCI0] (domain 0000 [bus 00-ff])
[    0.216006] acpi PNP0A03:00: _OSC: OS supports [ASPM ClockPM Segments MSI]
[    0.217924] acpi PNP0A03:00: _OSC: not requesting OS control; OS requires [ExtendedConfig ASPM ClockPM MSI]
[    0.220011] acpi PNP0A03:00: fail to add MMCONFIG information, can't access extended PCI configuration space under this bridge.
[    0.222519] PCI host bridge to bus 0000:00
[    0.223369] pci_bus 0000:00: root bus resource [io  0x0000-0x0cf7 window]
[    0.224004] pci_bus 0000:00: root bus resource [io  0x0d00-0xffff window]
[    0.225683] pci_bus 0000:00: root bus resource [mem 0x000a0000-0x000bffff window]
[    0.228007] pci_bus 0000:00: root bus resource [mem 0x80000000-0xfdffffff window]
[    0.229681] pci_bus 0000:00: root bus resource [bus 00-ff]
[    0.233478] pci 0000:00:01.1: legacy IDE quirk: reg 0x10: [io  0x01f0-0x01f7]
[    0.235032] pci 0000:00:01.1: legacy IDE quirk: reg 0x14: [io  0x03f6]
[    0.236002] pci 0000:00:01.1: legacy IDE quirk: reg 0x18: [io  0x0170-0x0177]
[    0.237461] pci 0000:00:01.1: legacy IDE quirk: reg 0x1c: [io  0x0376]
[    0.264563] pci 0000:00:07.0: quirk: [io  0x4000-0x403f] claimed by PIIX4 ACPI
[    0.266132] pci 0000:00:07.0: quirk: [io  0x4100-0x410f] claimed by PIIX4 SMB
[    0.285813] ACPI: PCI Interrupt Link [LNKA] (IRQs 5 9 10 *11)
[    0.288082] ACPI: PCI Interrupt Link [LNKB] (IRQs 5 9 *10 11)
[    0.289386] ACPI: PCI Interrupt Link [LNKC] (IRQs 5 *9 10 11)
[    0.290598] ACPI: PCI Interrupt Link [LNKD] (IRQs 5 9 10 *11)
[    0.291986] SCSI subsystem initialized
[    0.292070] pci 0000:00:02.0: vgaarb: setting as boot VGA device
[    0.293485] pci 0000:00:02.0: vgaarb: VGA device added: decodes=io+mem,owns=io+mem,locks=none
[    0.296005] pci 0000:00:02.0: vgaarb: bridge control possible
[    0.297006] vgaarb: loaded
[    0.297624] ACPI: bus type USB registered
[    0.298517] usbcore: registered new interface driver usbfs
[    0.300009] usbcore: registered new interface driver hub
[    0.301048] usbcore: registered new device driver usb
[    0.302144] EDAC MC: Ver: 3.0.0
[    0.302144] PCI: Using ACPI for IRQ routing
[    0.304274] NetLabel: Initializing
[    0.304998] NetLabel:  domain hash size = 128
[    0.305925] NetLabel:  protocols = UNLABELED CIPSOv4 CALIPSO
[    0.307031] NetLabel:  unlabeled traffic allowed by default
[    0.308087] clocksource: Switched to clocksource kvm-clock
[    0.320493] VFS: Disk quotas dquot_6.6.0
[    0.321338] VFS: Dquot-cache hash table entries: 512 (order 0, 4096 bytes)
[    0.322586] AppArmor: AppArmor Filesystem Enabled
[    0.323756] pnp: PnP ACPI init
[    0.325797] pnp: PnP ACPI: found 3 devices
[    0.336605] clocksource: acpi_pm: mask: 0xffffff max_cycles: 0xffffff, max_idle_ns: 2085701024 ns
[    0.338824] NET: Registered protocol family 2
[    0.339836] TCP established hash table entries: 16384 (order: 5, 131072 bytes)
[    0.341737] TCP bind hash table entries: 16384 (order: 6, 262144 bytes)
[    0.343927] TCP: Hash tables configured (established 16384 bind 16384)
[    0.346210] UDP hash table entries: 1024 (order: 3, 32768 bytes)
[    0.347374] UDP-Lite hash table entries: 1024 (order: 3, 32768 bytes)
[    0.348718] NET: Registered protocol family 1
[    0.349608] pci 0000:00:00.0: Limiting direct PCI/PCI transfers
[    0.350787] pci 0000:00:01.0: Activating ISA DMA hang workarounds
[    0.351955] pci 0000:00:02.0: Video device with shadowed ROM at [mem 0x000c0000-0x000dffff]
[    0.353908] Unpacking initramfs...
[    0.616979] Freeing initrd memory: 19208K
[    0.618369] clocksource: tsc: mask: 0xffffffffffffffff max_cycles: 0x396d519840e, max_idle_ns: 881590569543 ns
[    0.620571] platform rtc_cmos: registered platform RTC device (no PNP device found)
[    0.622135] Scanning for low memory corruption every 60 seconds
[    0.624421] Initialise system trusted keyrings
[    0.625539] Key type blacklist registered
[    0.626462] workingset: timestamp_bits=36 max_order=19 bucket_order=0
[    0.628676] zbud: loaded
[    0.629804] squashfs: version 4.0 (2009/01/31) Phillip Lougher
[    0.631090] fuse init (API version 7.26)
[    0.635881] Key type asymmetric registered
[    0.637528] Asymmetric key parser 'x509' registered
[    0.638955] Block layer SCSI generic (bsg) driver version 0.4 loaded (major 246)
[    0.641520] io scheduler noop registered
[    0.642969] io scheduler deadline registered
[    0.644124] io scheduler cfq registered (default)
[    0.646039] ACPI: AC Adapter [AC] (on-line)
[    0.647095] input: Power Button as /devices/LNXSYSTM:00/LNXPWRBN:00/input/input0
[    0.649355] ACPI: Power Button [PWRF]
[    0.650196] input: Sleep Button as /devices/LNXSYSTM:00/LNXSLPBN:00/input/input1
[    0.651641] ACPI: Sleep Button [SLPF]
[    0.653777] ACPI: Battery Slot [BAT0] (battery present)
[    0.654786] Serial: 8250/16550 driver, 32 ports, IRQ sharing enabled
[    0.677187] 00:02: ttyS0 at I/O 0x3f8 (irq = 4, base_baud = 115200) is a 16550A
[    0.683265] Linux agpgart interface v0.103
[    0.687072] loop: module loaded
[    0.688651] scsi host0: ata_piix
[    0.689503] scsi host1: ata_piix
[    0.690328] ata1: PATA max UDMA/33 cmd 0x1f0 ctl 0x3f6 bmdma 0xd000 irq 14
[    0.692398] ata2: PATA max UDMA/33 cmd 0x170 ctl 0x376 bmdma 0xd008 irq 15
[    0.694764] libphy: Fixed MDIO Bus: probed
[    0.695622] tun: Universal TUN/TAP device driver, 1.6
[    0.697254] PPP generic driver version 2.4.2
[    0.698552] ehci_hcd: USB 2.0 'Enhanced' Host Controller (EHCI) Driver
[    0.700185] ehci-pci: EHCI PCI platform driver
[    0.701255] ehci-platform: EHCI generic platform driver
[    0.702437] ohci_hcd: USB 1.1 'Open' Host Controller (OHCI) Driver
[    0.703958] ohci-pci: OHCI PCI platform driver
[    0.704876] ohci-platform: OHCI generic platform driver
[    0.705848] uhci_hcd: USB Universal Host Controller Interface driver
[    0.707186] i8042: PNP: PS/2 Controller [PNP0303:PS2K,PNP0f03:PS2M] at 0x60,0x64 irq 1,12
[    0.710264] serio: i8042 KBD port at 0x60,0x64 irq 1
[    0.711454] serio: i8042 AUX port at 0x60,0x64 irq 12
[    0.712714] mousedev: PS/2 mouse device common for all mice
[    0.714292] rtc_cmos rtc_cmos: rtc core: registered rtc_cmos as rtc0
[    0.715645] rtc_cmos rtc_cmos: alarms up to one day, 114 bytes nvram
[    0.716873] input: AT Translated Set 2 keyboard as /devices/platform/i8042/serio0/input/input2
[    0.718628] i2c /dev entries driver
[    0.719581] device-mapper: uevent: version 1.0.3
[    0.720606] device-mapper: ioctl: 4.37.0-ioctl (2017-09-20) initialised: dm-devel@redhat.com
[    0.722153] ledtrig-cpu: registered to indicate activity on CPUs
[    0.723663] NET: Registered protocol family 10
[    0.728790] Segment Routing with IPv6
[    0.729747] NET: Registered protocol family 17
[    0.730627] Key type dns_resolver registered
[    0.731657] mce: Using 0 MCE banks
[    0.732405] RAS: Correctable Errors collector initialized.
[    0.733635] sched_clock: Marking stable (732389839, 0)->(965389902, -233000063)
[    0.735349] registered taskstats version 1
[    0.736117] Loading compiled-in X.509 certificates
[    0.739483] Loaded X.509 cert 'Build time autogenerated kernel key: d019e8c5f4cbc828f6af43369f65a014a3a68371'
[    0.741664] zswap: loaded using pool lzo/zbud
[    0.746287] Key type big_key registered
[    0.747005] Key type trusted registered
[    0.749106] Key type encrypted registered
[    0.749852] AppArmor: AppArmor sha1 policy hashing enabled
[    0.750801] ima: No TPM chip found, activating TPM-bypass! (rc=-19)
[    0.751868] ima: Allocated hash algorithm: sha1
[    0.752730] evm: HMAC attrs: 0x1
[    0.753712]   Magic number: 0:707:579
[    0.754404] pci_bus 0000:00: hash matches
[    0.755177] rtc_cmos rtc_cmos: setting system clock to 2020-04-07 11:34:46 UTC (1586259286)
[    0.756750] BIOS EDD facility v0.16 2004-Jun-25, 0 devices found
[    0.757943] EDD information not available.
[    1.064527] Freeing unused kernel image memory: 2432K
[    1.073075] Write protecting the kernel read-only data: 20480k
[    1.074784] Freeing unused kernel image memory: 2008K
[    1.076982] Freeing unused kernel image memory: 1880K
[    1.086229] x86/mm: Checked W+X mappings: passed, no W+X pages found.
[    1.087455] x86/mm: Checking user space page tables
[    1.098077] x86/mm: Checked W+X mappings: passed, no W+X pages found.
Loading, please wait...
starting version 237
[    1.167260] e1000: Intel(R) PRO/1000 Network Driver - version 7.3.21-k8-NAPI
[    1.168889] e1000: Copyright (c) 1999-2006 Intel Corporation.
[    1.170595] Fusion MPT base driver 3.04.20
[    1.171620] Copyright (c) 1999-2008 LSI Corporation
[    1.175953] Fusion MPT SPI Host driver 3.04.20
[    1.189857] AVX2 version of gcm_enc/dec engaged.
[    1.190876] AES CTR mode by8 optimization enabled
[    1.381581] input: ImExPS/2 Generic Explorer Mouse as /devices/platform/i8042/serio1/input/input4
[    1.569642] e1000 0000:00:03.0 eth0: (PCI:33MHz:32-bit) 02:85:4f:0b:ef:e7
[    1.571537] e1000 0000:00:03.0 eth0: Intel(R) PRO/1000 Network Connection
[    1.573927] mptbase: ioc0: Initiating bringup
[    1.669026] ioc0: LSI53C1030 A0: Capabilities={Initiator}
[    1.912516] scsi host2: ioc0: LSI53C1030 A0, FwRev=00000000h, Ports=1, MaxQ=256, IRQ=20
[    2.080389] scsi 2:0:0:0: Direct-Access     VBOX     HARDDISK         1.0  PQ: 0 ANSI: 5
[    2.108259] scsi target2:0:0: Beginning Domain Validation
[    2.113461] scsi target2:0:0: Domain Validation skipping write tests
[    2.114783] scsi target2:0:0: Ending Domain Validation
[    2.120523] scsi target2:0:0: asynchronous
[    2.139776] scsi 2:0:1:0: Direct-Access     VBOX     HARDDISK         1.0  PQ: 0 ANSI: 5
[    2.173784] scsi target2:0:1: Beginning Domain Validation
[    2.189715] random: fast init done
[    2.191131] scsi target2:0:1: Domain Validation skipping write tests
[    2.192962] scsi target2:0:1: Ending Domain Validation
[    2.194277] scsi target2:0:1: asynchronous
[    2.201273] random: systemd-udevd: uninitialized urandom read (16 bytes read)
[    2.202707] random: systemd-udevd: uninitialized urandom read (16 bytes read)
[    2.204959] random: systemd-udevd: uninitialized urandom read (16 bytes read)
[    2.206661] sd 2:0:0:0: Attached scsi generic sg0 type 0
[    2.208198] sd 2:0:1:0: Attached scsi generic sg1 type 0
[    2.211148] sd 2:0:1:0: [sdb] 20480 512-byte logical blocks: (10.5 MB/10.0 MiB)
[    2.212904] sd 2:0:1:0: [sdb] Write Protect is off
[    2.214280] sd 2:0:1:0: [sdb] Incomplete mode parameter data
[    2.215398] sd 2:0:1:0: [sdb] Assuming drive cache: write through
[    2.217519] sd 2:0:0:0: [sda] 62914560 512-byte logical blocks: (32.2 GB/30.0 GiB)
[    2.222260] sd 2:0:1:0: [sdb] Attached SCSI disk
[    2.223596] sd 2:0:0:0: [sda] Write Protect is off
[    2.229343] sd 2:0:0:0: [sda] Incomplete mode parameter data
[    2.230408] sd 2:0:0:0: [sda] Assuming drive cache: write through
[    2.241811]  sda: sda1
[    2.244417] sd 2:0:0:0: [sda] Attached SCSI disk
[    2.493407] e1000 0000:00:08.0 eth1: (PCI:33MHz:32-bit) 08:00:27:bd:77:67
[    2.494801] e1000 0000:00:08.0 eth1: Intel(R) PRO/1000 Network Connection
[    2.497346] e1000 0000:00:03.0 enp0s3: renamed from eth0
[    2.513318] e1000 0000:00:08.0 enp0s8: renamed from eth1
Begin: Loading essential drivers ... [    4.152023] raid6: sse2x1   gen() 12514 MB/s
[    4.200446] raid6: sse2x1   xor()  8777 MB/s
[    4.248177] raid6: sse2x2   gen() 14908 MB/s
[    4.296494] raid6: sse2x2   xor() 10277 MB/s
[    4.344449] raid6: sse2x4   gen() 16968 MB/s
[    4.392225] raid6: sse2x4   xor() 10531 MB/s
[    4.440150] raid6: avx2x1   gen() 24252 MB/s
[    4.488896] raid6: avx2x1   xor() 17312 MB/s
[    4.536798] raid6: avx2x2   gen() 28544 MB/s
[    4.584581] raid6: avx2x2   xor() 18228 MB/s
[    4.632446] raid6: avx2x4   gen() 32619 MB/s
[    4.680246] raid6: avx2x4   xor() 17631 MB/s
[    4.681240] raid6: using algorithm avx2x4 gen() 32619 MB/s
[    4.682804] raid6: .... xor() 17631 MB/s, rmw enabled
[    4.684248] raid6: using avx2x2 recovery algorithm
[    4.687169] xor: automatically using best checksumming function   avx       
[    4.689759] async_tx: api initialized (async)
done.
Begin: Running /scripts/init-premount ... done.
Begin: Mounting root file system ... Begin: Running /scripts/local-top ... done.
Begin: Running /scripts/local-premount ... [    4.734647] Btrfs loaded, crc32c=crc32c-intel
Scanning for Btrfs filesystems
done.
Warning: fsck not present, so skipping root file system
[    4.766030] EXT4-fs (sda1): INFO: recovery required on readonly filesystem
[    4.767259] EXT4-fs (sda1): write access will be enabled during recovery
[    4.778991] EXT4-fs (sda1): orphan cleanup on readonly fs
[    4.784681] EXT4-fs (sda1): 9 orphan inodes deleted
[    4.785692] EXT4-fs (sda1): recovery complete
[    4.793903] EXT4-fs (sda1): mounted filesystem with ordered data mode. Opts: (null)
done.
Begin: Running /scripts/local-bottom ... done.
Begin: Running /scripts/init-bottom ... done.
[    4.999044] ip_tables: (C) 2000-2006 Netfilter Core Team
[    5.009574] systemd[1]: systemd 237 running in system mode. (+PAM +AUDIT +SELINUX +IMA +APPARMOR +SMACK +SYSVINIT +UTMP +LIBCRYPTSETUP +GCRYPT +GNUTLS +ACL +XZ +LZ4 +SECCOMP +BLKID +ELFUTILS +KMOD -IDN2 +IDN -PCRE2 default-hierarchy=hybrid)
[    5.014872] systemd[1]: Detected virtualization oracle.
[    5.015842] systemd[1]: Detected architecture x86-64.

Welcome to [1mUbuntu 18.04.4 LTS[0m!

[    5.032999] systemd[1]: Set hostname to <ubuntu-bionic>.
[    5.394408] systemd[1]: Created slice System Slice.
[[0;32m  OK  [0m] Created slice System Slice.
[    5.396002] systemd[1]: Listening on Journal Socket.
[[0;32m  OK  [0m] Listening on Journal Socket.
[    5.397632] systemd[1]: Listening on Network Service Netlink Socket.
[[0;32m  OK  [0m] Listening on Network Service Netlink Socket.
[    5.399690] systemd[1]: Listening on /dev/initctl Compatibility Named Pipe.
[[0;32m  OK  [0m] Listening on /dev/initctl Compatibility Named Pipe.
[    5.401688] systemd[1]: Reached target User and Group Name Lookups.
[[0;32m  OK  [0m] Reached target User and Group Name Lookups.
[    5.403162] systemd[1]: Reached target Swap.
[[0;32m  OK  [0m] Reached target Swap.
         Starting Set the console keyboard layout...
[[0;32m  OK  [0m] Listening on udev Control Socket.
[[0;32m  OK  [0m] Listening on Journal Socket (/dev/log).
[[0;32m  OK  [0m] Created slice system-serial\x2dgetty.slice.
[[0;32m  OK  [0m] Created slice User and Session Slice.
[[0;32m  OK  [0m] Listening on LVM2 metadata daemon socket.
         Mounting POSIX Message Queue File System...
[[0;32m  OK  [0m] Reached target System Time Synchronized.
[[0;32m  OK  [0m] Listening on LVM2 poll daemon socket.
         Starting Load Kernel Modules...
         Starting Remount Root and Kernel File Systems...
[[0;32m  OK  [0m] Started Forward Password Requests to Wall Directory Watch.
[    5.481092] Loading iSCSI transport class v2.0-870.
[    5.487292] iscsi: registered transport (tcp)
         Mounting Huge Pages File System...
         Starting Uncomplicated firewall...
[    5.507484] iscsi: registered transport (iser)
         Mounting Kernel Debug File System...
[[0;32m  OK  [0m] Listening on Journal Audit Socket.
[    5.521187] EXT4-fs (sda1): re-mounted. Opts: (null)
[[0;32m  OK  [0m] Reached target Slices.
[[0;32m  OK  [0m] Set up automount Arbitrary Executab…rmats File System Automount Point.
[[0;32m  OK  [0m] Listening on Syslog Socket.
         Starting Create list of required st…ce nodes for the current kernel...
[[0;32m  OK  [0m] Listening on udev Kernel Socket.
         Starting udev Coldplug all Devices...
         Starting Journal Service...
[[0;32m  OK  [0m] Listening on Device-mapper event daemon FIFOs.
         Starting Monitoring of LVM2 mirrors…ng dmeventd or progress polling...
[[0;32m  OK  [0m] Started Set the console keyboard layout.
[[0;32m  OK  [0m] Mounted POSIX Message Queue File System.
[[0;32m  OK  [0m] Started Load Kernel Modules.
[[0;32m  OK  [0m] Started Remount Root and Kernel File Systems.
[[0;32m  OK  [0m] Mounted Huge Pages File System.
[[0;32m  OK  [0m] Started Uncomplicated firewall.
[[0;32m  OK  [0m] Mounted Kernel Debug File System.
[[0;32m  OK  [0m] Started Create list of required sta…vice nodes for the current kernel.
[[0;32m  OK  [0m] Started LVM2 metadata daemon.
         Starting Create Static Device Nodes in /dev...
         Starting Load/Save Random Seed...
         Mounting FUSE Control File System...
         Starting Apply Kernel Variables...
         Mounting Kernel Configuration File System...
[[0;32m  OK  [0m] Started Journal Service.
[[0;32m  OK  [0m] Started udev Coldplug all Devices.
[[0;32m  OK  [0m] Started Load/Save Random Seed.
[[0;32m  OK  [0m] Mounted FUSE Control File System.
[[0;32m  OK  [0m] Mounted Kernel Configuration File System.
         Starting Flush Journal to Persistent Storage...
[[0;32m  OK  [0m] Started Create Static Device Nodes in /dev.
         Starting udev Kernel Device Manager...
[[0;32m  OK  [0m] Started Monitoring of LVM2 mirrors,…sing dmeventd or progress polling.
[[0;32m  OK  [0m] Reached target Local File Systems (Pre).
[[0;32m  OK  [0m] Reached target Local File Systems.
         Starting AppArmor initialization...
         Starting ebtables ruleset management...
         Starting Set console font and keymap...
         Starting Tell Plymouth To Write Out Runtime Data...
[[0;32m  OK  [0m] Started udev Kernel Device Manager.
[[0;32m  OK  [0m] Started Dispatch Password Requests to Console Directory Watch.
[[0;32m  OK  [0m] Reached target Local Encrypted Volumes.
[[0;32m  OK  [0m] Started Apply Kernel Variables.
[[0;32m  OK  [0m] Started Set console font and keymap.
[[0;32m  OK  [0m] Started Tell Plymouth To Write Out Runtime Data.
[[0;32m  OK  [0m] Started ebtables ruleset management.
[[0;32m  OK  [0m] Started Flush Journal to Persistent Storage.
         Starting Create Volatile Files and Directories...
[[0;32m  OK  [0m] Found device /dev/ttyS0.
[[0;32m  OK  [0m] Started Create Volatile Files and Directories.
         Starting Update UTMP about System Boot/Shutdown...
[[0;32m  OK  [0m] Started Update UTMP about System Boot/Shutdown.
[[0;32m  OK  [0m] Listening on Load/Save RF Kill Switch Status /dev/rfkill Watch.
[[0;32m  OK  [0m] Started AppArmor initialization.
         Starting Initial cloud-init job (pre-networking)...
[    7.794995] cloud-init[523]: Cloud-init v. 19.4-33-gbb4131a2-0ubuntu1~18.04.1 running 'init-local' at Tue, 07 Apr 2020 11:34:53 +0000. Up 7.54 seconds.
[[0;32m  OK  [0m] Started Initial cloud-init job (pre-networking).
[[0;32m  OK  [0m] Reached target Network (Pre).
         Starting Network Service...
[[0;32m  OK  [0m] Started Network Service.
         Starting Wait for Network to be Configured...
         Starting Network Name Resolution...
[[0;32m  OK  [0m] Started Network Name Resolution.
[[0;32m  OK  [0m] Reached target Network.
[[0;32m  OK  [0m] Reached target Host and Network Name Lookups.
[[0;32m  OK  [0m] Started Wait for Network to be Configured.
         Starting Initial cloud-init job (metadata service crawler)...
[   10.390827] cloud-init[656]: Cloud-init v. 19.4-33-gbb4131a2-0ubuntu1~18.04.1 running 'init' at Tue, 07 Apr 2020 11:34:55 +0000. Up 10.15 seconds.
[   10.392184] cloud-init[656]: ci-info: ++++++++++++++++++++++++++++++++++++++Net device info+++++++++++++++++++++++++++++++++++++++
[   10.393554] cloud-init[656]: ci-info: +--------+------+-----------------------------+---------------+--------+-------------------+
[   10.404239] cloud-init[656]: ci-info: | Device |  Up  |           Address           |      Mask     | Scope  |     Hw-Address    |
[   10.405621] cloud-init[656]: ci-info: +--------+------+-----------------------------+---------------+--------+-------------------+
[   10.406827] cloud-init[656]: ci-info: | enp0s3 | True |          10.0.2.15          | 255.255.255.0 | global | 02:85:4f:0b:ef:e7 |
[   10.407944] cloud-init[656]: ci-info: | enp0s3 | True |  fe80::85:4fff:fe0b:efe7/64 |       .       |  link  | 02:85:4f:0b:ef:e7 |
[   10.408952] cloud-init[656]: ci-info: | enp0s8 | True |        192.168.33.10        | 255.255.255.0 | global | 08:00:27:bd:77:67 |
[   10.410540] cloud-init[656]: ci-info: | enp0s8 | True | fe80::a00:27ff:febd:7767/64 |       .       |  link  | 08:00:27:bd:77:67 |
[   10.413088] cloud-init[656]: ci-info: |   lo   | True |          127.0.0.1          |   255.0.0.0   |  host  |         .         |
[   10.414991] cloud-init[656]: ci-info: |   lo   | True |           ::1/128           |       .       |  host  |         .         |
[   10.416416] cloud-init[656]: ci-info: +--------+------+-----------------------------+---------------+--------+-------------------+
[   10.433433] cloud-init[656]: ci-info: +++++++++++++++++++++++++++++Route IPv4 info+++++++++++++++++++++++++++++
[   10.444210] cloud-init[656]: ci-info: +-------+--------------+----------+-----------------+-----------+-------+
[   10.460995] cloud-init[656]: ci-info: | Route | Destination  | Gateway  |     Genmask     | Interface | Flags |
[   10.465676] cloud-init[656]: ci-info: +-------+--------------+----------+-----------------+-----------+-------+
[   10.470649] cloud-init[656]: ci-info: |   0   |   0.0.0.0    | 10.0.2.2 |     0.0.0.0     |   enp0s3  |   UG  |
[   10.477597] cloud-init[656]: ci-info: |   1   |   10.0.2.0   | 0.0.0.0  |  255.255.255.0  |   enp0s3  |   U   |
[   10.480464] cloud-init[656]: ci-info: |   2   |   10.0.2.2   | 0.0.0.0  | 255.255.255.255 |   enp0s3  |   UH  |
[   10.481371] cloud-init[656]: ci-info: |   3   | 192.168.33.0 | 0.0.0.0  |  255.255.255.0  |   enp0s8  |   U   |
[   10.482256] cloud-init[656]: ci-info: +-------+--------------+----------+-----------------+-----------+-------+
[   10.483125] cloud-init[656]: ci-info: +++++++++++++++++++Route IPv6 info+++++++++++++++++++
[   10.483797] cloud-init[656]: ci-info: +-------+-------------+---------+-----------+-------+
[   10.492259] cloud-init[656]: ci-info: | Route | Destination | Gateway | Interface | Flags |
[   10.493689] cloud-init[656]: ci-info: +-------+-------------+---------+-----------+-------+
[   10.508288] cloud-init[656]: ci-info: |   1   |  fe80::/64  |    ::   |   enp0s8  |   U   |
[   10.509248] cloud-init[656]: ci-info: |   2   |  fe80::/64  |    ::   |   enp0s3  |   U   |
[   10.510689] cloud-init[656]: ci-info: |   4   |    local    |    ::   |   enp0s3  |   U   |
[   10.512714] cloud-init[656]: ci-info: |   5   |    local    |    ::   |   enp0s8  |   U   |
[   10.516071] cloud-init[656]: ci-info: |   6   |   ff00::/8  |    ::   |   enp0s8  |   U   |
[   10.518717] cloud-init[656]: ci-info: |   7   |   ff00::/8  |    ::   |   enp0s3  |   U   |
[   10.532879] cloud-init[656]: ci-info: +-------+-------------+---------+-----------+-------+
[[0;32m  OK  [0m] Started Initial cloud-init job (metadata service crawler).
[[0;32m  OK  [0m] Reached target System Initialization.
         Starting Socket activation for snappy daemon.
[[0;32m  OK  [0m] Listening on D-Bus System Message Bus Socket.
[[0;32m  OK  [0m] Listening on ACPID Listen Socket.
[[0;32m  OK  [0m] Listening on Open-iSCSI iscsid Socket.
[[0;32m  OK  [0m] Started Daily Cleanup of Temporary Directories.
         Starting LXD - unix socket.
[[0;32m  OK  [0m] Started Message of the Day.
[[0;32m  OK  [0m] Started Discard unused blocks once a week.
         Starting Docker Socket for the API.
[[0;32m  OK  [0m] Started ACPI Events Check.
[[0;32m  OK  [0m] Reached target Paths.
[[0;32m  OK  [0m] Listening on UUID daemon activation socket.
[[0;32m  OK  [0m] Started Daily apt download activities.
[[0;32m  OK  [0m] Started Daily apt upgrade and clean activities.
[[0;32m  OK  [0m] Reached target Timers.
[[0;32m  OK  [0m] Reached target Network is Online.
         Starting Availability of block devices...
[[0;32m  OK  [0m] Reached target Remote File Systems (Pre).
[[0;32m  OK  [0m] Reached target Remote File Systems.
[[0;32m  OK  [0m] Reached target Cloud-config availability.
[[0;32m  OK  [0m] Listening on Socket activation for snappy daemon.
[[0;32m  OK  [0m] Listening on LXD - unix socket.
[[0;32m  OK  [0m] Listening on Docker Socket for the API.
[[0;32m  OK  [0m] Started Availability of block devices.
[[0;32m  OK  [0m] Reached target Sockets.
[[0;32m  OK  [0m] Reached target Basic System.
         Starting containerd container runtime...
         Starting Login Service...
[[0;32m  OK  [0m] Started Regular background program processing daemon.
         Starting Dispatcher daemon for systemd-networkd...
         Starting Permit User Sessions...
         Starting LSB: Start Jenkins at boot time...
         Starting Message of the Day...
         Starting Accounts Service...
         Starting System Logging Service...
[[0;32m  OK  [0m] Started irqbalance daemon.
[[0;32m  OK  [0m] Started FUSE filesystem for LXC.
         Starting Virtualbox guest utils...
         Starting MySQL Community Server...
         Starting LSB: Record successful boot for GRUB...
[[0;32m  OK  [0m] Started Deferred execution scheduler.
         Starting LXD - container startup/shutdown...
         Starting LSB: Linux init script for swapspace...
[[0;32m  OK  [0m] Started D-Bus System Message Bus.
         Starting LSB: automatic crash report generation...
         Starting OpenBSD Secure Shell server...
         Starting Snappy daemon...
[[0;32m  OK  [0m] Started System Logging Service.
[[0;32m  OK  [0m] Started containerd container runtime.
[[0;32m  OK  [0m] Started Permit User Sessions.
[[0;32m  OK  [0m] Started Login Service.
[[0;32m  OK  [0m] Started Dispatcher daemon for systemd-networkd.
         Starting Authorization Manager...
[[0;32m  OK  [0m] Started Unattended Upgrades Shutdown.
         Starting Terminate Plymouth Boot Screen...
         Starting Hold until boot process finishes up...
         Starting Docker Application Container Engine...
[[0;32m  OK  [0m] Started LSB: Linux init script for swapspace.
[[0;32m  OK  [0m] Started Terminate Plymouth Boot Screen.
[[0;32m  OK  [0m] Started Hold until boot process finishes up.
         Starting Set console scheme...
[[0;32m  OK  [0m] Started Serial Getty on ttyS0.
[[0;32m  OK  [0m] Started OpenBSD Secure Shell server.
[[0;32m  OK  [0m] Started Authorization Manager.
[[0;32m  OK  [0m] Started Accounts Service.
[[0;32m  OK  [0m] Started Set console scheme.
[[0;32m  OK  [0m] Created slice system-getty.slice.
[[0;32m  OK  [0m] Started Getty on tty1.
[[0;32m  OK  [0m] Reached target Login Prompts.
[[0;32m  OK  [0m] Started LSB: automatic crash report generation.
[[0;32m  OK  [0m] Started LSB: Record successful boot for GRUB.
[[0;32m  OK  [0m] Started Virtualbox guest utils.
[[0;32m  OK  [0m] Started LXD - container startup/shutdown.
[[0;32m  OK  [0m] Started Snappy daemon.
         Starting Wait until snapd is fully seeded...
[[0;32m  OK  [0m] Started Wait until snapd is fully seeded.
         Starting Apply the settings specified in cloud-config...
[[0;32m  OK  [0m] Created slice User Slice of jenkins.
         Starting User Manager for UID 112...
[[0;32m  OK  [0m] Started Session c1 of user jenkins.
[[0;32m  OK  [0m] Started User Manager for UID 112.
[[0;32m  OK  [0m] Created slice User Slice of vagrant.
         Starting User Manager for UID 1000...
[[0;32m  OK  [0m] Started Session 2 of user vagrant.
[[0;32m  OK  [0m] Started User Manager for UID 1000.
[[0;32m  OK  [0m] Started Message of the Day.
[[0;32m  OK  [0m] Started MySQL Community Server.
[   14.927517] cloud-init[1259]: Cloud-init v. 19.4-33-gbb4131a2-0ubuntu1~18.04.1 running 'modules:config' at Tue, 07 Apr 2020 11:35:00 +0000. Up 14.63 seconds.
[[0;32m  OK  [0m] Started Apply the settings specified in cloud-config.
[[0;32m  OK  [0m] Started LSB: Start Jenkins at boot time.
[   17.841116] cloud-init[1758]: Cloud-init v. 19.4-33-gbb4131a2-0ubuntu1~18.04.1 running 'modules:final' at Tue, 07 Apr 2020 11:35:03 +0000. Up 17.68 seconds.
[   17.841224] cloud-init[1758]: Cloud-init v. 19.4-33-gbb4131a2-0ubuntu1~18.04.1 finished at Tue, 07 Apr 2020 11:35:03 +0000. Datasource DataSourceNoCloud [seed=/dev/sdb][dsmode=net].  Up 17.83 seconds

Ubuntu 18.04.4 LTS ubuntu-bionic ttyS0

ubuntu-bionic login: 